#
# A fatal error has been detected by the Java Runtime Environment:
#
#  SIGILL (0x4) at pc=0x00007fff83b182ea, pid=12489, tid=52759
#
# JRE version: Java(TM) SE Runtime Environment (8.0_60-b27) (build 1.8.0_60-b27)
# Java VM: Java HotSpot(TM) 64-Bit Server VM (25.60-b23 mixed mode bsd-amd64 compressed oops)
# Problematic frame:
# C  [libobjc.A.dylib+0x122ea]  _ZL10_objc_trapv+0x0
#
# Failed to write core dump. Core dumps have been disabled. To enable core dumping, try "ulimit -c unlimited" before starting Java again
#
# If you would like to submit a bug report, please visit:
#   http://bugreport.java.com/bugreport/crash.jsp
# The crash happened outside the Java Virtual Machine in native code.
# See problematic frame for where to report the bug.
#

---------------  T H R E A D  ---------------

Current thread (0x00007ff5aa8e1000):  JavaThread "AWT-EventQueue-0" [_thread_in_native, id=52759, stack(0x0000000174718000,0x0000000174818000)]

siginfo: si_signo: 4 (SIGILL), si_code: 1 (ILL_ILLOPC), si_addr: 0x00007fff83b182ea

Registers:
RAX=0x0000000000000000, RBX=0x00007ff5abfe39a0, RCX=0x0000000000000000, RDX=0x00007fff717541e0
RSP=0x000000017480ff78, RBP=0x0000000174810060, RSI=0x0000010000000100, RDI=0x0000000000000103
R8 =0x000000017480ff20, R9 =0x00000000fffc0000, R10=0x0000000000000007, R11=0xfffffffffffff8f0
R12=0x00007fff721c8070, R13=0x00007fff7175de80, R14=0x00007fff7175e1a8, R15=0x00007ff5abfe3478
RIP=0x00007fff83b182ea, EFLAGS=0x0000000000010206, ERR=0x0000000000000000
  TRAPNO=0x0000000000000006

Top of Stack: (sp=0x000000017480ff78)
0x000000017480ff78:   00007fff83b1842a 00007fff720c43b0
0x000000017480ff88:   00007ff5abfe39a0 00007fff9058a36f
0x000000017480ff98:   00007fff9058a36f 0000000000000054
0x000000017480ffa8:   00007ff5abfe39a0 0000000000000290
0x000000017480ffb8:   0000000000000000 0000000174810020
0x000000017480ffc8:   00007fff83b1bda1 00007fff7175e190
0x000000017480ffd8:   00007fff721c8070 0000000174810040
0x000000017480ffe8:   00007ff5abfe3478 0000000174810020
0x000000017480fff8:   00007fff9058a36f 00007fff9058a36f
0x0000000174810008:   0000000000000000 00007fff734882c8
0x0000000174810018:   00007ff5abfe3478 0000000174810060
0x0000000174810028:   00007fff83b1d5ad 00007ff5abfe4170
0x0000000174810038:   00007ff5abfe4030 0000003000000018
0x0000000174810048:   0000000174810070 000000017480ff80
0x0000000174810058:   00007ff5abfe3478 00000001748100d0
0x0000000174810068:   00007fff83b0fc87 402c000000000000
0x0000000174810078:   4030000000000000 0000000000000000
0x0000000174810088:   402c000000000000 00000001748100d0
0x0000000174810098:   00007fff83ab9b27 ac008ab22efc5396
0x00000001748100a8:   00007fff7175de80 0000000000000000
0x00000001748100b8:   00007fff7175de80 00007ff5abfe3478
0x00000001748100c8:   00007fff7175e180 0000000174810130
0x00000001748100d8:   00007fff83b0fac7 0000000000000310
0x00000001748100e8:   00007ff5abfe39a0 0000000000000300
0x00000001748100f8:   00007ff5abfe3478 0000000000000000
0x0000000174810108:   0000000000000000 0000000000000000
0x0000000174810118:   0000001e0000001e 00007ff5abfe39a0
0x0000000174810128:   00007ff5abfe3440 0000000174810210
0x0000000174810138:   00007fff9052183a 0000000000001003
0x0000000174810148:   0000000108b3e800 402c000000000000
0x0000000174810158:   0000000000000080 0000000000000000
0x0000000174810168:   0000000108b39000 0000000000000001 

Instructions: (pc=0x00007fff83b182ea)
0x00007fff83b182ca:   c0 44 89 f2 e8 1f 08 01 00 48 8b 7d e0 e8 30 cc
0x00007fff83b182da:   ff ff 48 8b 7d e0 e8 d3 15 ff ff e8 00 00 00 00
0x00007fff83b182ea:   0f 0b 55 48 89 e5 48 81 ec d0 00 00 00 84 c0 74
0x00007fff83b182fa:   26 0f 29 85 60 ff ff ff 0f 29 8d 70 ff ff ff 0f 

Register to memory mapping:

RAX=0x0000000000000000 is an unknown value
RBX=0x00007ff5abfe39a0 is an unknown value
RCX=0x0000000000000000 is an unknown value
RDX=0x00007fff717541e0: _ZZL14_objc_crashlogPKcE13crashlog_lock+0x20 in /usr/lib/libobjc.A.dylib at 0x00007fff83b06000
RSP=0x000000017480ff78 is pointing into the stack for thread: 0x00007ff5aa8e1000
RBP=0x0000000174810060 is pointing into the stack for thread: 0x00007ff5aa8e1000
RSI=0x0000010000000100 is an unknown value
RDI=0x0000000000000103 is an unknown value
R8 =0x000000017480ff20 is pointing into the stack for thread: 0x00007ff5aa8e1000
R9 =0x00000000fffc0000 is an unknown value
R10=0x0000000000000007 is an unknown value
R11=0xfffffffffffff8f0 is an unknown value
R12=0x00007fff721c8070: __stack_chk_guard+0 in /usr/lib/system/libsystem_c.dylib at 0x00007fff897b7000
R13=0x00007fff7175de80: _ZN12_GLOBAL__N_19SideTable9table_bufE+0 in /usr/lib/libobjc.A.dylib at 0x00007fff83b06000
R14=0x00007fff7175e1a8: _ZN12_GLOBAL__N_19SideTable9table_bufE+0x328 in /usr/lib/libobjc.A.dylib at 0x00007fff83b06000
R15=0x00007ff5abfe3478 is an unknown value


Stack: [0x0000000174718000,0x0000000174818000],  sp=0x000000017480ff78,  free space=991k
Native frames: (J=compiled Java code, j=interpreted, Vv=VM code, C=native code)
C  [libobjc.A.dylib+0x122ea]  _ZL10_objc_trapv+0x0
C  [libobjc.A.dylib+0x9c87]  class_getMethodImplementation+0x0
C  [libobjc.A.dylib+0x9ac7]  objc_storeWeak+0xe9
C  [CoreUI+0xb683a]  csiCompressImageProviderCopyImageBlockSetWithOptions+0x3f0
C  [CoreGraphics+0x3536e]  img_blocks_create+0x1c0
C  [CoreGraphics+0x242d5]  img_data_lock+0x750
C  [CoreGraphics+0x22bfe]  CGSImageDataLock+0x97
C  [libRIP.A.dylib+0xda02]  ripc_AcquireImage+0x38a
C  [libRIP.A.dylib+0x16e67]  ripc_DrawImages+0x1be5
C  [CoreGraphics+0x6b38b]  CGContextDrawImages+0xc0
C  [CoreUI+0x9b345]  DrawNinePartImageWithOperation+0x153d
C  [CoreUI+0x99de8]  DrawNinePartElementFromRenditionWithOperation+0x1d7
C  [CoreUI+0xa0c67]  -[CUIThemeFacet _drawSpecificRenditionKey:rendition:inFrame:context:alpha:operation:isFocused:isFlipped:]+0x2be
C  [CoreUI+0xa08bb]  -[CUIThemeFacet _drawSpecificRenditionKey:inFrame:context:isFocused:isFlipped:]+0xa3
C  [CoreUI+0x9ec98]  -[CUIThemeFacet drawInFrame:isFocused:context:]+0x89
C  [CoreUI+0xedda]  _ZN20CUICoreThemeRenderer10DrawSimpleEP15CUIRenditionKeyPK13CUIDescriptora+0x232
C  [CoreUI+0x35d6f]  _ZN20CUICoreThemeRenderer4DrawEPK13CUIDescriptor17CGAffineTransformR13CUIReturnInfo+0x5b
C  [CoreUI+0x9391]  _ZN11CUIRenderer4DrawE6CGRectP9CGContextPK14__CFDictionaryPS5_+0x8e3
C  [CoreUI+0x45d6e]  CUIDraw+0xd9
C  [JavaRuntimeSupport+0x3cec]  -[_JRSYosemiteAndLaterRenderer draw:inContext:withBounds:]+0x144
C  [JavaRuntimeSupport+0x3866]  JRSUIControlDraw+0x3d
C  [libosxui.dylib+0x2628]  doPaintImage+0x15e
C  [libosxui.dylib+0x279c]  Java_apple_laf_JRSUIControl_paintImage+0x27
j  apple.laf.JRSUIControl.paintImage([IIIJJJDDDD)I+0
j  apple.laf.JRSUIControl.paintImage([IIIDDDD)I+33
j  apple.laf.JRSUIControl.paint([IIIDDDD)V+12
j  com.apple.laf.AquaPainter$AquaSingleImagePainter.createImage(IIIILjava/awt/Rectangle;Lapple/laf/JRSUIControl;Lapple/laf/JRSUIState;)Ljava/awt/Image;+74
j  com.apple.laf.AquaPainter$AquaSingleImagePainter.lambda$paintFromSingleCachedImage$279(IILjava/awt/Rectangle;Lapple/laf/JRSUIControl;Lapple/laf/JRSUIState;Ljava/lang/Integer;Ljava/lang/Integer;)Ljava/awt/Image;+16
j  com.apple.laf.AquaPainter$AquaSingleImagePainter$$Lambda$22.apply(Ljava/lang/Object;Ljava/lang/Object;)Ljava/lang/Object;+28
j  sun.awt.image.MultiResolutionCachedImage.getResolutionVariant(II)Ljava/awt/Image;+41
j  sun.java2d.SunGraphics2D.getResolutionVariant(Lsun/awt/image/MultiResolutionImage;IIIIIIIIII)Ljava/awt/Image;+198
j  sun.java2d.SunGraphics2D.drawHiDPIImage(Ljava/awt/Image;IIIIIIIILjava/awt/Color;Ljava/awt/image/ImageObserver;)Z+103
j  sun.java2d.SunGraphics2D.drawImage(Ljava/awt/Image;IIIILjava/awt/Color;Ljava/awt/image/ImageObserver;)Z+62
j  sun.java2d.SunGraphics2D.drawImage(Ljava/awt/Image;IIIILjava/awt/image/ImageObserver;)Z+11
j  com.apple.laf.AquaPainter$AquaSingleImagePainter.paintFromSingleCachedImage(Ljava/awt/Graphics2D;Lapple/laf/JRSUIControl;Lapple/laf/JRSUIState;Ljava/awt/Rectangle;)V+169
j  com.apple.laf.AquaPainter$AquaSingleImagePainter.paint(Ljava/awt/Graphics2D;Lapple/laf/JRSUIState;)V+10
j  com.apple.laf.AquaPainter.paint(Ljava/awt/Graphics;Ljava/awt/Component;IIII)V+40
j  com.apple.laf.AquaGroupBorder.paintBorder(Ljava/awt/Component;Ljava/awt/Graphics;IIII)V+72
j  com.apple.laf.AquaTabbedPaneUI.paintContentBorder(Ljava/awt/Graphics;II)V+178
j  com.apple.laf.AquaTabbedPaneUI.paint(Ljava/awt/Graphics;Ljavax/swing/JComponent;)V+36
j  javax.swing.plaf.ComponentUI.update(Ljava/awt/Graphics;Ljavax/swing/JComponent;)V+32
j  javax.swing.JComponent.paintComponent(Ljava/awt/Graphics;)V+26
j  javax.swing.JComponent.paint(Ljava/awt/Graphics;)V+286
j  javax.swing.JComponent.paintChildren(Ljava/awt/Graphics;)V+501
j  javax.swing.JComponent.paint(Ljava/awt/Graphics;)V+318
j  javax.swing.JComponent.paintChildren(Ljava/awt/Graphics;)V+501
j  javax.swing.JComponent.paint(Ljava/awt/Graphics;)V+318
j  javax.swing.JComponent.paintChildren(Ljava/awt/Graphics;)V+501
j  javax.swing.JComponent.paint(Ljava/awt/Graphics;)V+318
j  javax.swing.JLayeredPane.paint(Ljava/awt/Graphics;)V+73
j  javax.swing.JComponent.paintChildren(Ljava/awt/Graphics;)V+501
j  javax.swing.JComponent.paintToOffscreen(Ljava/awt/Graphics;IIIIII)V+72
j  javax.swing.RepaintManager$PaintManager.paintDoubleBuffered(Ljavax/swing/JComponent;Ljava/awt/Image;Ljava/awt/Graphics;IIII)V+163
j  javax.swing.RepaintManager$PaintManager.paint(Ljavax/swing/JComponent;Ljavax/swing/JComponent;Ljava/awt/Graphics;IIII)Z+116
j  javax.swing.RepaintManager.paint(Ljavax/swing/JComponent;Ljavax/swing/JComponent;Ljava/awt/Graphics;IIII)V+51
j  javax.swing.JComponent.paint(Ljava/awt/Graphics;)V+221
j  java.awt.GraphicsCallback$PaintCallback.run(Ljava/awt/Component;Ljava/awt/Graphics;)V+2
j  sun.awt.SunGraphicsCallback.runOneComponent(Ljava/awt/Component;Ljava/awt/Rectangle;Ljava/awt/Graphics;Ljava/awt/Shape;I)V+155
j  sun.awt.SunGraphicsCallback.runComponents([Ljava/awt/Component;Ljava/awt/Graphics;I)V+194
j  java.awt.Container.paint(Ljava/awt/Graphics;)V+58
j  java.awt.Window.paint(Ljava/awt/Graphics;)V+68
j  javax.swing.RepaintManager$4.run()Ljava/lang/Void;+142
j  javax.swing.RepaintManager$4.run()Ljava/lang/Object;+1
v  ~StubRoutines::call_stub
V  [libjvm.dylib+0x2eab0e]
V  [libjvm.dylib+0x34afd8]
j  java.security.AccessController.doPrivileged(Ljava/security/PrivilegedAction;Ljava/security/AccessControlContext;)Ljava/lang/Object;+0
j  java.security.ProtectionDomain$JavaSecurityAccessImpl.doIntersectionPrivilege(Ljava/security/PrivilegedAction;Ljava/security/AccessControlContext;Ljava/security/AccessControlContext;)Ljava/lang/Object;+18
j  javax.swing.RepaintManager.paintDirtyRegions(Ljava/util/Map;)V+154
j  javax.swing.RepaintManager.paintDirtyRegions()V+46
j  javax.swing.RepaintManager.prePaintDirtyRegions()V+73
j  javax.swing.RepaintManager.access$1200(Ljavax/swing/RepaintManager;)V+1
j  javax.swing.RepaintManager$ProcessingRunnable.run()V+37
j  java.awt.event.InvocationEvent.dispatch()V+47
j  java.awt.EventQueue.dispatchEventImpl(Ljava/awt/AWTEvent;Ljava/lang/Object;)V+21
j  java.awt.EventQueue.access$500(Ljava/awt/EventQueue;Ljava/awt/AWTEvent;Ljava/lang/Object;)V+3
j  java.awt.EventQueue$3.run()Ljava/lang/Void;+32
j  java.awt.EventQueue$3.run()Ljava/lang/Object;+1
v  ~StubRoutines::call_stub
V  [libjvm.dylib+0x2eab0e]
V  [libjvm.dylib+0x34afd8]
j  java.security.AccessController.doPrivileged(Ljava/security/PrivilegedAction;Ljava/security/AccessControlContext;)Ljava/lang/Object;+0
j  java.security.ProtectionDomain$JavaSecurityAccessImpl.doIntersectionPrivilege(Ljava/security/PrivilegedAction;Ljava/security/AccessControlContext;Ljava/security/AccessControlContext;)Ljava/lang/Object;+18
j  java.awt.EventQueue.dispatchEvent(Ljava/awt/AWTEvent;)V+46
j  java.awt.EventDispatchThread.pumpOneEventForFilters(I)V+245
j  java.awt.EventDispatchThread.pumpEventsForFilter(ILjava/awt/Conditional;Ljava/awt/EventFilter;)V+35
j  java.awt.EventDispatchThread.pumpEventsForHierarchy(ILjava/awt/Conditional;Ljava/awt/Component;)V+11
j  java.awt.EventDispatchThread.pumpEvents(ILjava/awt/Conditional;)V+4
j  java.awt.EventDispatchThread.pumpEvents(Ljava/awt/Conditional;)V+3
j  java.awt.EventDispatchThread.run()V+9
v  ~StubRoutines::call_stub
V  [libjvm.dylib+0x2eab0e]
V  [libjvm.dylib+0x2eb29c]
V  [libjvm.dylib+0x2eb448]
V  [libjvm.dylib+0x345965]
V  [libjvm.dylib+0x5612d3]
V  [libjvm.dylib+0x5629ce]
V  [libjvm.dylib+0x48343a]
C  [libsystem_pthread.dylib+0x405a]  _pthread_body+0x83
C  [libsystem_pthread.dylib+0x3fd7]  _pthread_body+0x0
...<more frames>...

Java frames: (J=compiled Java code, j=interpreted, Vv=VM code)
j  apple.laf.JRSUIControl.paintImage([IIIJJJDDDD)I+0
j  apple.laf.JRSUIControl.paintImage([IIIDDDD)I+33
j  apple.laf.JRSUIControl.paint([IIIDDDD)V+12
j  com.apple.laf.AquaPainter$AquaSingleImagePainter.createImage(IIIILjava/awt/Rectangle;Lapple/laf/JRSUIControl;Lapple/laf/JRSUIState;)Ljava/awt/Image;+74
j  com.apple.laf.AquaPainter$AquaSingleImagePainter.lambda$paintFromSingleCachedImage$279(IILjava/awt/Rectangle;Lapple/laf/JRSUIControl;Lapple/laf/JRSUIState;Ljava/lang/Integer;Ljava/lang/Integer;)Ljava/awt/Image;+16
j  com.apple.laf.AquaPainter$AquaSingleImagePainter$$Lambda$22.apply(Ljava/lang/Object;Ljava/lang/Object;)Ljava/lang/Object;+28
j  sun.awt.image.MultiResolutionCachedImage.getResolutionVariant(II)Ljava/awt/Image;+41
j  sun.java2d.SunGraphics2D.getResolutionVariant(Lsun/awt/image/MultiResolutionImage;IIIIIIIIII)Ljava/awt/Image;+198
j  sun.java2d.SunGraphics2D.drawHiDPIImage(Ljava/awt/Image;IIIIIIIILjava/awt/Color;Ljava/awt/image/ImageObserver;)Z+103
j  sun.java2d.SunGraphics2D.drawImage(Ljava/awt/Image;IIIILjava/awt/Color;Ljava/awt/image/ImageObserver;)Z+62
j  sun.java2d.SunGraphics2D.drawImage(Ljava/awt/Image;IIIILjava/awt/image/ImageObserver;)Z+11
j  com.apple.laf.AquaPainter$AquaSingleImagePainter.paintFromSingleCachedImage(Ljava/awt/Graphics2D;Lapple/laf/JRSUIControl;Lapple/laf/JRSUIState;Ljava/awt/Rectangle;)V+169
j  com.apple.laf.AquaPainter$AquaSingleImagePainter.paint(Ljava/awt/Graphics2D;Lapple/laf/JRSUIState;)V+10
j  com.apple.laf.AquaPainter.paint(Ljava/awt/Graphics;Ljava/awt/Component;IIII)V+40
j  com.apple.laf.AquaGroupBorder.paintBorder(Ljava/awt/Component;Ljava/awt/Graphics;IIII)V+72
j  com.apple.laf.AquaTabbedPaneUI.paintContentBorder(Ljava/awt/Graphics;II)V+178
j  com.apple.laf.AquaTabbedPaneUI.paint(Ljava/awt/Graphics;Ljavax/swing/JComponent;)V+36
j  javax.swing.plaf.ComponentUI.update(Ljava/awt/Graphics;Ljavax/swing/JComponent;)V+32
j  javax.swing.JComponent.paintComponent(Ljava/awt/Graphics;)V+26
j  javax.swing.JComponent.paint(Ljava/awt/Graphics;)V+286
j  javax.swing.JComponent.paintChildren(Ljava/awt/Graphics;)V+501
j  javax.swing.JComponent.paint(Ljava/awt/Graphics;)V+318
j  javax.swing.JComponent.paintChildren(Ljava/awt/Graphics;)V+501
j  javax.swing.JComponent.paint(Ljava/awt/Graphics;)V+318
j  javax.swing.JComponent.paintChildren(Ljava/awt/Graphics;)V+501
j  javax.swing.JComponent.paint(Ljava/awt/Graphics;)V+318
j  javax.swing.JLayeredPane.paint(Ljava/awt/Graphics;)V+73
j  javax.swing.JComponent.paintChildren(Ljava/awt/Graphics;)V+501
j  javax.swing.JComponent.paintToOffscreen(Ljava/awt/Graphics;IIIIII)V+72
j  javax.swing.RepaintManager$PaintManager.paintDoubleBuffered(Ljavax/swing/JComponent;Ljava/awt/Image;Ljava/awt/Graphics;IIII)V+163
j  javax.swing.RepaintManager$PaintManager.paint(Ljavax/swing/JComponent;Ljavax/swing/JComponent;Ljava/awt/Graphics;IIII)Z+116
j  javax.swing.RepaintManager.paint(Ljavax/swing/JComponent;Ljavax/swing/JComponent;Ljava/awt/Graphics;IIII)V+51
j  javax.swing.JComponent.paint(Ljava/awt/Graphics;)V+221
j  java.awt.GraphicsCallback$PaintCallback.run(Ljava/awt/Component;Ljava/awt/Graphics;)V+2
j  sun.awt.SunGraphicsCallback.runOneComponent(Ljava/awt/Component;Ljava/awt/Rectangle;Ljava/awt/Graphics;Ljava/awt/Shape;I)V+155
j  sun.awt.SunGraphicsCallback.runComponents([Ljava/awt/Component;Ljava/awt/Graphics;I)V+194
j  java.awt.Container.paint(Ljava/awt/Graphics;)V+58
j  java.awt.Window.paint(Ljava/awt/Graphics;)V+68
j  javax.swing.RepaintManager$4.run()Ljava/lang/Void;+142
j  javax.swing.RepaintManager$4.run()Ljava/lang/Object;+1
v  ~StubRoutines::call_stub
j  java.security.AccessController.doPrivileged(Ljava/security/PrivilegedAction;Ljava/security/AccessControlContext;)Ljava/lang/Object;+0
j  java.security.ProtectionDomain$JavaSecurityAccessImpl.doIntersectionPrivilege(Ljava/security/PrivilegedAction;Ljava/security/AccessControlContext;Ljava/security/AccessControlContext;)Ljava/lang/Object;+18
j  javax.swing.RepaintManager.paintDirtyRegions(Ljava/util/Map;)V+154
j  javax.swing.RepaintManager.paintDirtyRegions()V+46
j  javax.swing.RepaintManager.prePaintDirtyRegions()V+73
j  javax.swing.RepaintManager.access$1200(Ljavax/swing/RepaintManager;)V+1
j  javax.swing.RepaintManager$ProcessingRunnable.run()V+37
j  java.awt.event.InvocationEvent.dispatch()V+47
j  java.awt.EventQueue.dispatchEventImpl(Ljava/awt/AWTEvent;Ljava/lang/Object;)V+21
j  java.awt.EventQueue.access$500(Ljava/awt/EventQueue;Ljava/awt/AWTEvent;Ljava/lang/Object;)V+3
j  java.awt.EventQueue$3.run()Ljava/lang/Void;+32
j  java.awt.EventQueue$3.run()Ljava/lang/Object;+1
v  ~StubRoutines::call_stub
j  java.security.AccessController.doPrivileged(Ljava/security/PrivilegedAction;Ljava/security/AccessControlContext;)Ljava/lang/Object;+0
j  java.security.ProtectionDomain$JavaSecurityAccessImpl.doIntersectionPrivilege(Ljava/security/PrivilegedAction;Ljava/security/AccessControlContext;Ljava/security/AccessControlContext;)Ljava/lang/Object;+18
j  java.awt.EventQueue.dispatchEvent(Ljava/awt/AWTEvent;)V+46
j  java.awt.EventDispatchThread.pumpOneEventForFilters(I)V+245
j  java.awt.EventDispatchThread.pumpEventsForFilter(ILjava/awt/Conditional;Ljava/awt/EventFilter;)V+35
j  java.awt.EventDispatchThread.pumpEventsForHierarchy(ILjava/awt/Conditional;Ljava/awt/Component;)V+11
j  java.awt.EventDispatchThread.pumpEvents(ILjava/awt/Conditional;)V+4
j  java.awt.EventDispatchThread.pumpEvents(Ljava/awt/Conditional;)V+3
j  java.awt.EventDispatchThread.run()V+9
v  ~StubRoutines::call_stub

---------------  P R O C E S S  ---------------

Java Threads: ( => current thread )
  0x00007ff5ab54d800 JavaThread "DestroyJavaVM" [_thread_blocked, id=4867, stack(0x0000000108c35000,0x0000000108d35000)]
=>0x00007ff5aa8e1000 JavaThread "AWT-EventQueue-0" [_thread_in_native, id=52759, stack(0x0000000174718000,0x0000000174818000)]
  0x00007ff5ab2e2800 JavaThread "Java2D Disposer" daemon [_thread_blocked, id=50967, stack(0x00000001280d9000,0x00000001281d9000)]
  0x00007ff5ab290800 JavaThread "Java2D Queue Flusher" daemon [_thread_blocked, id=48395, stack(0x0000000126ec2000,0x0000000126fc2000)]
  0x00007ff5ab259000 JavaThread "AWT-Shutdown" [_thread_blocked, id=27923, stack(0x00000001240c0000,0x00000001241c0000)]
  0x00007ff5ab113800 JavaThread "AppKit Thread" daemon [_thread_in_native, id=1811, stack(0x00007fff568e2000,0x00007fff570e2000)]
  0x00007ff5aa011800 JavaThread "Service Thread" daemon [_thread_blocked, id=18179, stack(0x00000001222c0000,0x00000001223c0000)]
  0x00007ff5ab066800 JavaThread "C1 CompilerThread2" daemon [_thread_blocked, id=17667, stack(0x00000001221bd000,0x00000001222bd000)]
  0x00007ff5ab038000 JavaThread "C2 CompilerThread1" daemon [_thread_blocked, id=17155, stack(0x00000001220ba000,0x00000001221ba000)]
  0x00007ff5aa006000 JavaThread "C2 CompilerThread0" daemon [_thread_blocked, id=16643, stack(0x0000000121fb7000,0x00000001220b7000)]
  0x00007ff5aa812000 JavaThread "Signal Dispatcher" daemon [_thread_blocked, id=12567, stack(0x0000000121eb4000,0x0000000121fb4000)]
  0x00007ff5a9808000 JavaThread "Finalizer" daemon [_thread_blocked, id=11523, stack(0x000000012048e000,0x000000012058e000)]
  0x00007ff5a9806000 JavaThread "Reference Handler" daemon [_thread_blocked, id=11011, stack(0x000000012038b000,0x000000012048b000)]

Other Threads:
  0x00007ff5aa800800 VMThread [stack: 0x0000000120288000,0x0000000120388000] [id=10499]
  0x00007ff5ab038800 WatcherThread [stack: 0x00000001223c3000,0x00000001224c3000] [id=18691]

VM state:not at safepoint (normal execution)

VM Mutex/Monitor currently owned by a thread: None

Heap:
 PSYoungGen      total 38400K, used 10954K [0x0000000795580000, 0x0000000798000000, 0x00000007c0000000)
  eden space 33280K, 32% used [0x0000000795580000,0x0000000796032838,0x0000000797600000)
  from space 5120K, 0% used [0x0000000797b00000,0x0000000797b00000,0x0000000798000000)
  to   space 5120K, 0% used [0x0000000797600000,0x0000000797600000,0x0000000797b00000)
 ParOldGen       total 87552K, used 0K [0x0000000740000000, 0x0000000745580000, 0x0000000795580000)
  object space 87552K, 0% used [0x0000000740000000,0x0000000740000000,0x0000000745580000)
 Metaspace       used 10888K, capacity 11120K, committed 11264K, reserved 1058816K
  class space    used 1379K, capacity 1462K, committed 1536K, reserved 1048576K

Card table byte_map: [0x0000000119949000,0x0000000119d4a000] byte_map_base: 0x0000000115f49000

Marking Bits: (ParMarkBitMap*) 0x0000000109edee20
 Begin Bits: [0x000000011a401000, 0x000000011c401000)
 End Bits:   [0x000000011c401000, 0x000000011e401000)

Polling page: 0x0000000108d7a000

CodeCache: size=245760Kb used=2112Kb max_used=2112Kb free=243647Kb
 bounds [0x000000010a589000, 0x000000010a7f9000, 0x0000000119589000]
 total_blobs=953 nmethods=452 adapters=415
 compilation: enabled

Compilation events (10 events):
Event: 1.569 Thread 0x00007ff5ab066800  445       3       java.util.Arrays::copyOfRange (11 bytes)
Event: 1.569 Thread 0x00007ff5ab066800 nmethod 445 0x000000010a795ad0 code [0x000000010a795c40, 0x000000010a795e48]
Event: 1.569 Thread 0x00007ff5ab066800  444       3       java.util.Arrays::copyOf (46 bytes)
Event: 1.569 Thread 0x00007ff5ab066800 nmethod 444 0x000000010a795f10 code [0x000000010a7960c0, 0x000000010a796748]
Event: 1.569 Thread 0x00007ff5ab066800  448       3       java.lang.reflect.Array::newInstance (6 bytes)
Event: 1.570 Thread 0x00007ff5ab066800 nmethod 448 0x000000010a796b90 code [0x000000010a796d00, 0x000000010a796e68]
Event: 1.570 Thread 0x00007ff5ab066800  451       3       java.lang.invoke.LambdaForm::internArgument (84 bytes)
Event: 1.570 Thread 0x00007ff5ab066800 nmethod 451 0x000000010a796f10 code [0x000000010a7970c0, 0x000000010a797548]
Event: 1.574 Thread 0x00007ff5ab066800  452       3       java.util.LinkedHashMap::get (33 bytes)
Event: 1.575 Thread 0x00007ff5ab066800 nmethod 452 0x000000010a798e50 code [0x000000010a799000, 0x000000010a7994e8]

GC Heap History (0 events):
No events

Deoptimization events (0 events):
No events

Internal exceptions (10 events):
Event: 0.123 Thread 0x00007ff5aa007000 Exception <a 'java/security/PrivilegedActionException'> (0x00000007957b2380) thrown at [/Users/java_re/workspace/8-2-build-macosx-x86_64/jdk8u60/4407/hotspot/src/share/vm/prims/jvm.cpp, line 1386]
Event: 0.123 Thread 0x00007ff5aa007000 Exception <a 'java/security/PrivilegedActionException'> (0x00000007957b2590) thrown at [/Users/java_re/workspace/8-2-build-macosx-x86_64/jdk8u60/4407/hotspot/src/share/vm/prims/jvm.cpp, line 1386]
Event: 0.124 Thread 0x00007ff5aa007000 Exception <a 'java/security/PrivilegedActionException'> (0x00000007957b5830) thrown at [/Users/java_re/workspace/8-2-build-macosx-x86_64/jdk8u60/4407/hotspot/src/share/vm/prims/jvm.cpp, line 1386]
Event: 0.124 Thread 0x00007ff5aa007000 Exception <a 'java/security/PrivilegedActionException'> (0x00000007957b5a40) thrown at [/Users/java_re/workspace/8-2-build-macosx-x86_64/jdk8u60/4407/hotspot/src/share/vm/prims/jvm.cpp, line 1386]
Event: 0.160 Thread 0x00007ff5aa007000 Exception <a 'java/lang/NoSuchFieldError': method resolution failed> (0x0000000795884d88) thrown at [/Users/java_re/workspace/8-2-build-macosx-x86_64/jdk8u60/4407/hotspot/src/share/vm/prims/methodHandles.cpp, line 1146]
Event: 0.162 Thread 0x00007ff5aa007000 Exception <a 'java/lang/NoSuchFieldError': method resolution failed> (0x0000000795892558) thrown at [/Users/java_re/workspace/8-2-build-macosx-x86_64/jdk8u60/4407/hotspot/src/share/vm/prims/methodHandles.cpp, line 1146]
Event: 0.359 Thread 0x00007ff5aa007000 Exception <a 'java/io/FileNotFoundException'> (0x000000079590d7c0) thrown at [/Users/java_re/workspace/8-2-build-macosx-x86_64/jdk8u60/4407/hotspot/src/share/vm/prims/jni.cpp, line 709]
Event: 0.359 Thread 0x00007ff5aa007000 Exception <a 'java/io/FileNotFoundException'> (0x000000079590e320) thrown at [/Users/java_re/workspace/8-2-build-macosx-x86_64/jdk8u60/4407/hotspot/src/share/vm/prims/jni.cpp, line 709]
Event: 0.480 Thread 0x00007ff5aa007000 Exception <a 'java/lang/NoSuchMethodError': <clinit>> (0x0000000795b1cc40) thrown at [/Users/java_re/workspace/8-2-build-macosx-x86_64/jdk8u60/4407/hotspot/src/share/vm/prims/jni.cpp, line 1591]
Event: 0.493 Thread 0x00007ff5aa007000 Exception <a 'java/lang/NoSuchMethodError': <clinit>> (0x0000000795b6cf30) thrown at [/Users/java_re/workspace/8-2-build-macosx-x86_64/jdk8u60/4407/hotspot/src/share/vm/prims/jni.cpp, line 1591]

Events (10 events):
Event: 1.572 loading class sun/awt/image/IntegerInterleavedRaster
Event: 1.572 loading class sun/awt/image/IntegerComponentRaster
Event: 1.572 loading class sun/awt/image/IntegerComponentRaster done
Event: 1.572 loading class sun/awt/image/IntegerInterleavedRaster done
Event: 1.572 loading class sun/awt/image/NativeLibLoader
Event: 1.572 loading class sun/awt/image/NativeLibLoader done
Event: 1.572 loading class sun/awt/image/NativeLibLoader$1
Event: 1.572 loading class sun/awt/image/NativeLibLoader$1 done
Event: 1.574 loading class sun/awt/image/ToolkitImage
Event: 1.574 loading class sun/awt/image/ToolkitImage done


Dynamic libraries:
0x0000000000faa000 	/System/Library/Frameworks/Cocoa.framework/Versions/A/Cocoa
0x0000000000faa000 	/System/Library/Frameworks/Security.framework/Versions/A/Security
0x0000000000faa000 	/System/Library/Frameworks/ApplicationServices.framework/Versions/A/ApplicationServices
0x0000000000faa000 	/usr/lib/libz.1.dylib
0x0000000000faa000 	/usr/lib/libSystem.B.dylib
0x0000000000faa000 	/usr/lib/libobjc.A.dylib
0x0000000000faa000 	/System/Library/Frameworks/CoreFoundation.framework/Versions/A/CoreFoundation
0x0000000000faa000 	/System/Library/Frameworks/Foundation.framework/Versions/C/Foundation
0x0000000000faa000 	/System/Library/Frameworks/AppKit.framework/Versions/C/AppKit
0x0000000000faa000 	/System/Library/Frameworks/CoreData.framework/Versions/A/CoreData
0x0000000000faa000 	/System/Library/PrivateFrameworks/RemoteViewServices.framework/Versions/A/RemoteViewServices
0x0000000000faa000 	/System/Library/PrivateFrameworks/UIFoundation.framework/Versions/A/UIFoundation
0x0000000000faa000 	/System/Library/Frameworks/IOSurface.framework/Versions/A/IOSurface
0x0000000000faa000 	/System/Library/Frameworks/AudioToolbox.framework/Versions/A/AudioToolbox
0x0000000000faa000 	/System/Library/Frameworks/AudioUnit.framework/Versions/A/AudioUnit
0x0000000000faa000 	/System/Library/PrivateFrameworks/DataDetectorsCore.framework/Versions/A/DataDetectorsCore
0x0000000000faa000 	/System/Library/PrivateFrameworks/DesktopServicesPriv.framework/Versions/A/DesktopServicesPriv
0x0000000000faa000 	/System/Library/Frameworks/Carbon.framework/Versions/A/Frameworks/HIToolbox.framework/Versions/A/HIToolbox
0x0000000000faa000 	/System/Library/Frameworks/QuartzCore.framework/Versions/A/QuartzCore
0x0000000000faa000 	/System/Library/Frameworks/Carbon.framework/Versions/A/Frameworks/SpeechRecognition.framework/Versions/A/SpeechRecognition
0x0000000000faa000 	/usr/lib/libauto.dylib
0x0000000000faa000 	/usr/lib/libicucore.A.dylib
0x0000000000faa000 	/usr/lib/libxml2.2.dylib
0x0000000000faa000 	/System/Library/PrivateFrameworks/CoreUI.framework/Versions/A/CoreUI
0x0000000000faa000 	/System/Library/Frameworks/CoreAudio.framework/Versions/A/CoreAudio
0x0000000000faa000 	/System/Library/Frameworks/DiskArbitration.framework/Versions/A/DiskArbitration
0x0000000000faa000 	/usr/lib/liblangid.dylib
0x0000000000faa000 	/System/Library/PrivateFrameworks/MultitouchSupport.framework/Versions/A/MultitouchSupport
0x0000000000faa000 	/System/Library/Frameworks/IOKit.framework/Versions/A/IOKit
0x0000000000faa000 	/usr/lib/libDiagnosticMessagesClient.dylib
0x0000000000faa000 	/System/Library/Frameworks/CoreServices.framework/Versions/A/CoreServices
0x0000000000faa000 	/System/Library/PrivateFrameworks/PerformanceAnalysis.framework/Versions/A/PerformanceAnalysis
0x0000000000faa000 	/System/Library/PrivateFrameworks/GenerationalStorage.framework/Versions/A/GenerationalStorage
0x0000000000faa000 	/System/Library/Frameworks/OpenGL.framework/Versions/A/OpenGL
0x0000000000faa000 	/System/Library/PrivateFrameworks/Sharing.framework/Versions/A/Sharing
0x0000000000faa000 	/System/Library/Frameworks/CoreGraphics.framework/Versions/A/CoreGraphics
0x0000000000faa000 	/System/Library/Frameworks/CoreText.framework/Versions/A/CoreText
0x0000000000faa000 	/System/Library/Frameworks/ImageIO.framework/Versions/A/ImageIO
0x0000000000faa000 	/usr/lib/libextension.dylib
0x0000000000faa000 	/System/Library/PrivateFrameworks/Backup.framework/Versions/A/Backup
0x0000000000faa000 	/usr/lib/libarchive.2.dylib
0x0000000000faa000 	/System/Library/Frameworks/CFNetwork.framework/Versions/A/CFNetwork
0x0000000000faa000 	/System/Library/Frameworks/SystemConfiguration.framework/Versions/A/SystemConfiguration
0x0000000000faa000 	/usr/lib/libCRFSuite.dylib
0x0000000000faa000 	/usr/lib/libc++.1.dylib
0x0000000000faa000 	/usr/lib/libc++abi.dylib
0x0000000000faa000 	/usr/lib/system/libcache.dylib
0x0000000000faa000 	/usr/lib/system/libcommonCrypto.dylib
0x0000000000faa000 	/usr/lib/system/libcompiler_rt.dylib
0x0000000000faa000 	/usr/lib/system/libcopyfile.dylib
0x0000000000faa000 	/usr/lib/system/libcorecrypto.dylib
0x0000000000faa000 	/usr/lib/system/libdispatch.dylib
0x0000000000faa000 	/usr/lib/system/libdyld.dylib
0x0000000000faa000 	/usr/lib/system/libkeymgr.dylib
0x0000000000faa000 	/usr/lib/system/liblaunch.dylib
0x0000000000faa000 	/usr/lib/system/libmacho.dylib
0x0000000000faa000 	/usr/lib/system/libquarantine.dylib
0x0000000000faa000 	/usr/lib/system/libremovefile.dylib
0x0000000000faa000 	/usr/lib/system/libsystem_asl.dylib
0x0000000000faa000 	/usr/lib/system/libsystem_blocks.dylib
0x0000000000faa000 	/usr/lib/system/libsystem_c.dylib
0x0000000000faa000 	/usr/lib/system/libsystem_configuration.dylib
0x0000000000faa000 	/usr/lib/system/libsystem_coreservices.dylib
0x0000000000faa000 	/usr/lib/system/libsystem_coretls.dylib
0x0000000000faa000 	/usr/lib/system/libsystem_dnssd.dylib
0x0000000000faa000 	/usr/lib/system/libsystem_info.dylib
0x0000000000faa000 	/usr/lib/system/libsystem_kernel.dylib
0x0000000000faa000 	/usr/lib/system/libsystem_m.dylib
0x0000000000faa000 	/usr/lib/system/libsystem_malloc.dylib
0x0000000000faa000 	/usr/lib/system/libsystem_network.dylib
0x0000000000faa000 	/usr/lib/system/libsystem_networkextension.dylib
0x0000000000faa000 	/usr/lib/system/libsystem_notify.dylib
0x0000000000faa000 	/usr/lib/system/libsystem_platform.dylib
0x0000000000faa000 	/usr/lib/system/libsystem_pthread.dylib
0x0000000000faa000 	/usr/lib/system/libsystem_sandbox.dylib
0x0000000000faa000 	/usr/lib/system/libsystem_secinit.dylib
0x0000000000faa000 	/usr/lib/system/libsystem_stats.dylib
0x0000000000faa000 	/usr/lib/system/libsystem_trace.dylib
0x0000000000faa000 	/usr/lib/system/libunc.dylib
0x0000000000faa000 	/usr/lib/system/libunwind.dylib
0x0000000000faa000 	/usr/lib/system/libxpc.dylib
0x0000000000faa000 	/usr/lib/libbz2.1.0.dylib
0x0000000000faa000 	/usr/lib/liblzma.5.dylib
0x0000000000faa000 	/usr/lib/libbsm.0.dylib
0x0000000000faa000 	/usr/lib/libsqlite3.dylib
0x0000000000faa000 	/usr/lib/system/libkxld.dylib
0x0000000000faa000 	/usr/lib/libxar.1.dylib
0x0000000000faa000 	/usr/lib/libpam.2.dylib
0x0000000000faa000 	/usr/lib/libOpenScriptingUtil.dylib
0x0000000000faa000 	/System/Library/Frameworks/CoreServices.framework/Versions/A/Frameworks/FSEvents.framework/Versions/A/FSEvents
0x0000000000faa000 	/System/Library/Frameworks/CoreServices.framework/Versions/A/Frameworks/CarbonCore.framework/Versions/A/CarbonCore
0x0000000000faa000 	/System/Library/Frameworks/CoreServices.framework/Versions/A/Frameworks/Metadata.framework/Versions/A/Metadata
0x0000000000faa000 	/System/Library/Frameworks/CoreServices.framework/Versions/A/Frameworks/OSServices.framework/Versions/A/OSServices
0x0000000000faa000 	/System/Library/Frameworks/CoreServices.framework/Versions/A/Frameworks/SearchKit.framework/Versions/A/SearchKit
0x0000000000faa000 	/System/Library/Frameworks/CoreServices.framework/Versions/A/Frameworks/AE.framework/Versions/A/AE
0x0000000000faa000 	/System/Library/Frameworks/CoreServices.framework/Versions/A/Frameworks/LaunchServices.framework/Versions/A/LaunchServices
0x0000000000faa000 	/System/Library/Frameworks/CoreServices.framework/Versions/A/Frameworks/DictionaryServices.framework/Versions/A/DictionaryServices
0x0000000000faa000 	/System/Library/Frameworks/NetFS.framework/Versions/A/NetFS
0x0000000000faa000 	/System/Library/PrivateFrameworks/NetAuth.framework/Versions/A/NetAuth
0x0000000000faa000 	/System/Library/PrivateFrameworks/login.framework/Versions/A/Frameworks/loginsupport.framework/Versions/A/loginsupport
0x0000000000faa000 	/System/Library/PrivateFrameworks/TCC.framework/Versions/A/TCC
0x0000000000faa000 	/usr/lib/libmecabra.dylib
0x0000000000faa000 	/System/Library/Frameworks/ApplicationServices.framework/Versions/A/Frameworks/ATS.framework/Versions/A/ATS
0x0000000000faa000 	/System/Library/Frameworks/ApplicationServices.framework/Versions/A/Frameworks/ColorSync.framework/Versions/A/ColorSync
0x0000000000faa000 	/System/Library/Frameworks/ApplicationServices.framework/Versions/A/Frameworks/HIServices.framework/Versions/A/HIServices
0x0000000000faa000 	/System/Library/Frameworks/ApplicationServices.framework/Versions/A/Frameworks/LangAnalysis.framework/Versions/A/LangAnalysis
0x0000000000faa000 	/System/Library/Frameworks/ApplicationServices.framework/Versions/A/Frameworks/PrintCore.framework/Versions/A/PrintCore
0x0000000000faa000 	/System/Library/Frameworks/ApplicationServices.framework/Versions/A/Frameworks/QD.framework/Versions/A/QD
0x0000000000faa000 	/System/Library/Frameworks/ApplicationServices.framework/Versions/A/Frameworks/SpeechSynthesis.framework/Versions/A/SpeechSynthesis
0x0000000000faa000 	/System/Library/Frameworks/Accelerate.framework/Versions/A/Accelerate
0x0000000000faa000 	/System/Library/Frameworks/Accelerate.framework/Versions/A/Frameworks/vImage.framework/Versions/A/vImage
0x0000000000faa000 	/System/Library/Frameworks/Accelerate.framework/Versions/A/Frameworks/vecLib.framework/Versions/A/vecLib
0x0000000000faa000 	/System/Library/Frameworks/Accelerate.framework/Versions/A/Frameworks/vecLib.framework/Versions/A/libvDSP.dylib
0x0000000000faa000 	/System/Library/Frameworks/Accelerate.framework/Versions/A/Frameworks/vecLib.framework/Versions/A/libvMisc.dylib
0x0000000000faa000 	/System/Library/Frameworks/Accelerate.framework/Versions/A/Frameworks/vecLib.framework/Versions/A/libLAPACK.dylib
0x0000000000faa000 	/System/Library/Frameworks/Accelerate.framework/Versions/A/Frameworks/vecLib.framework/Versions/A/libBLAS.dylib
0x0000000000faa000 	/System/Library/Frameworks/Accelerate.framework/Versions/A/Frameworks/vecLib.framework/Versions/A/libLinearAlgebra.dylib
0x0000000000faa000 	/System/Library/Frameworks/ApplicationServices.framework/Versions/A/Frameworks/ATS.framework/Versions/A/Resources/libFontParser.dylib
0x0000000000faa000 	/System/Library/Frameworks/ApplicationServices.framework/Versions/A/Frameworks/ATS.framework/Versions/A/Resources/libFontRegistry.dylib
0x0000000000faa000 	/System/Library/PrivateFrameworks/AppleVPA.framework/Versions/A/AppleVPA
0x0000000000faa000 	/System/Library/PrivateFrameworks/AppleJPEG.framework/Versions/A/AppleJPEG
0x0000000000faa000 	/System/Library/Frameworks/ImageIO.framework/Versions/A/Resources/libJPEG.dylib
0x0000000000faa000 	/System/Library/Frameworks/ImageIO.framework/Versions/A/Resources/libTIFF.dylib
0x0000000000faa000 	/System/Library/Frameworks/ImageIO.framework/Versions/A/Resources/libPng.dylib
0x0000000000faa000 	/System/Library/Frameworks/ImageIO.framework/Versions/A/Resources/libGIF.dylib
0x0000000000faa000 	/System/Library/Frameworks/ImageIO.framework/Versions/A/Resources/libJP2.dylib
0x0000000000faa000 	/System/Library/Frameworks/ImageIO.framework/Versions/A/Resources/libRadiance.dylib
0x0000000000faa000 	/System/Library/Frameworks/CoreVideo.framework/Versions/A/CoreVideo
0x0000000000faa000 	/System/Library/Frameworks/OpenGL.framework/Versions/A/Libraries/libGLU.dylib
0x0000000000faa000 	/System/Library/Frameworks/OpenGL.framework/Versions/A/Libraries/libGFXShared.dylib
0x0000000000faa000 	/System/Library/Frameworks/OpenGL.framework/Versions/A/Libraries/libGL.dylib
0x0000000000faa000 	/System/Library/Frameworks/OpenGL.framework/Versions/A/Libraries/libGLImage.dylib
0x0000000000faa000 	/System/Library/Frameworks/OpenGL.framework/Versions/A/Libraries/libCVMSPluginSupport.dylib
0x0000000000faa000 	/System/Library/Frameworks/OpenGL.framework/Versions/A/Libraries/libCoreVMClient.dylib
0x0000000000faa000 	/usr/lib/libcups.2.dylib
0x0000000000faa000 	/System/Library/Frameworks/Kerberos.framework/Versions/A/Kerberos
0x0000000000faa000 	/System/Library/Frameworks/GSS.framework/Versions/A/GSS
0x0000000000faa000 	/usr/lib/libresolv.9.dylib
0x0000000000faa000 	/usr/lib/libiconv.2.dylib
0x0000000000faa000 	/System/Library/PrivateFrameworks/Heimdal.framework/Versions/A/Heimdal
0x0000000000faa000 	/usr/lib/libheimdal-asn1.dylib
0x0000000000faa000 	/System/Library/Frameworks/OpenDirectory.framework/Versions/A/OpenDirectory
0x0000000000faa000 	/System/Library/PrivateFrameworks/CommonAuth.framework/Versions/A/CommonAuth
0x0000000000faa000 	/System/Library/Frameworks/OpenDirectory.framework/Versions/A/Frameworks/CFOpenDirectory.framework/Versions/A/CFOpenDirectory
0x0000000000faa000 	/System/Library/Frameworks/SecurityFoundation.framework/Versions/A/SecurityFoundation
0x0000000000faa000 	/System/Library/PrivateFrameworks/LanguageModeling.framework/Versions/A/LanguageModeling
0x0000000000faa000 	/usr/lib/libcmph.dylib
0x0000000000faa000 	/System/Library/Frameworks/ServiceManagement.framework/Versions/A/ServiceManagement
0x0000000000faa000 	/usr/lib/libxslt.1.dylib
0x0000000000faa000 	/System/Library/Frameworks/Carbon.framework/Versions/A/Frameworks/Ink.framework/Versions/A/Ink
0x0000000000faa000 	/System/Library/Frameworks/QuartzCore.framework/Versions/A/Frameworks/CoreImage.framework/Versions/A/CoreImage
0x0000000000faa000 	/System/Library/PrivateFrameworks/CrashReporterSupport.framework/Versions/A/CrashReporterSupport
0x0000000000faa000 	/System/Library/Frameworks/OpenCL.framework/Versions/A/OpenCL
0x0000000000faa000 	/System/Library/PrivateFrameworks/FaceCore.framework/Versions/A/FaceCore
0x0000000000faa000 	/System/Library/PrivateFrameworks/Ubiquity.framework/Versions/A/Ubiquity
0x0000000000faa000 	/System/Library/PrivateFrameworks/IconServices.framework/Versions/A/IconServices
0x0000000000faa000 	/System/Library/PrivateFrameworks/ChunkingLibrary.framework/Versions/A/ChunkingLibrary
0x0000000000faa000 	/System/Library/PrivateFrameworks/Apple80211.framework/Versions/A/Apple80211
0x0000000000faa000 	/System/Library/Frameworks/CoreWLAN.framework/Versions/A/CoreWLAN
0x0000000000faa000 	/System/Library/Frameworks/IOBluetooth.framework/Versions/A/IOBluetooth
0x0000000000faa000 	/System/Library/PrivateFrameworks/CoreWiFi.framework/Versions/A/CoreWiFi
0x0000000000faa000 	/System/Library/Frameworks/CoreBluetooth.framework/Versions/A/CoreBluetooth
0x0000000000faa000 	/System/Library/PrivateFrameworks/DebugSymbols.framework/Versions/A/DebugSymbols
0x0000000000faa000 	/System/Library/PrivateFrameworks/CoreSymbolication.framework/Versions/A/CoreSymbolication
0x0000000000faa000 	/System/Library/PrivateFrameworks/Symbolication.framework/Versions/A/Symbolication
0x0000000000faa000 	/System/Library/PrivateFrameworks/SpeechRecognitionCore.framework/Versions/A/SpeechRecognitionCore
0x0000000109600000 	/Library/Java/JavaVirtualMachines/jdk1.8.0_60.jdk/Contents/Home/jre/lib/server/libjvm.dylib
0x0000000000faa000 	/usr/lib/libstdc++.6.dylib
0x0000000108d37000 	/Library/Java/JavaVirtualMachines/jdk1.8.0_60.jdk/Contents/Home/jre/lib/libverify.dylib
0x0000000108d45000 	/Library/Java/JavaVirtualMachines/jdk1.8.0_60.jdk/Contents/Home/jre/lib/libjava.dylib
0x0000000108d84000 	/Library/Java/JavaVirtualMachines/jdk1.8.0_60.jdk/Contents/Home/jre/lib/libzip.dylib
0x0000000120590000 	/System/Library/Frameworks/JavaVM.framework/Frameworks/JavaRuntimeSupport.framework/JavaRuntimeSupport
0x00000001205ab000 	/System/Library/Frameworks/JavaVM.framework/Versions/A/Frameworks/JavaNativeFoundation.framework/Versions/A/JavaNativeFoundation
0x00000001205c0000 	/System/Library/Frameworks/JavaVM.framework/Versions/A/JavaVM
0x0000000000faa000 	/System/Library/Frameworks/Carbon.framework/Versions/A/Carbon
0x00000001205cd000 	/System/Library/PrivateFrameworks/JavaLaunching.framework/Versions/A/JavaLaunching
0x0000000000faa000 	/System/Library/Frameworks/Carbon.framework/Versions/A/Frameworks/CommonPanels.framework/Versions/A/CommonPanels
0x0000000000faa000 	/System/Library/Frameworks/Carbon.framework/Versions/A/Frameworks/Help.framework/Versions/A/Help
0x0000000000faa000 	/System/Library/Frameworks/Carbon.framework/Versions/A/Frameworks/ImageCapture.framework/Versions/A/ImageCapture
0x0000000000faa000 	/System/Library/Frameworks/Carbon.framework/Versions/A/Frameworks/OpenScripting.framework/Versions/A/OpenScripting
0x0000000000faa000 	/System/Library/Frameworks/Carbon.framework/Versions/A/Frameworks/Print.framework/Versions/A/Print
0x0000000000faa000 	/System/Library/Frameworks/Carbon.framework/Versions/A/Frameworks/SecurityHI.framework/Versions/A/SecurityHI
0x0000000122501000 	/Library/Java/JavaVirtualMachines/jdk1.8.0_60.jdk/Contents/Home/jre/lib/libawt.dylib
0x00000001225a9000 	/Library/Java/JavaVirtualMachines/jdk1.8.0_60.jdk/Contents/Home/jre/lib/./libmlib_image.dylib
0x0000000122675000 	/Library/Java/JavaVirtualMachines/jdk1.8.0_60.jdk/Contents/Home/jre/lib/libawt_lwawt.dylib
0x000000012272a000 	/Library/Java/JavaVirtualMachines/jdk1.8.0_60.jdk/Contents/Home/jre/lib/./libosxapp.dylib
0x0000000000faa000 	/System/Library/Frameworks/ExceptionHandling.framework/Versions/A/ExceptionHandling
0x0000000000faa000 	/System/Library/PrivateFrameworks/CoreServicesInternal.framework/Versions/A/CoreServicesInternal
0x0000000000faa000 	/System/Library/PrivateFrameworks/CloudDocs.framework/Versions/A/CloudDocs
0x0000000000faa000 	/System/Library/PrivateFrameworks/CoreDuet.framework/Versions/A/CoreDuet
0x0000000000faa000 	/System/Library/Frameworks/CloudKit.framework/Versions/A/CloudKit
0x0000000000faa000 	/System/Library/PrivateFrameworks/ProtocolBuffer.framework/Versions/A/ProtocolBuffer
0x0000000000faa000 	/System/Library/PrivateFrameworks/CoreDuetDaemonProtocol.framework/Versions/A/CoreDuetDaemonProtocol
0x0000000000faa000 	/System/Library/PrivateFrameworks/CoreDuetDebugLogging.framework/Versions/A/CoreDuetDebugLogging
0x0000000000faa000 	/System/Library/PrivateFrameworks/MMCS.framework/Versions/A/MMCS
0x0000000000faa000 	/System/Library/Frameworks/CoreLocation.framework/Versions/A/CoreLocation
0x0000000000faa000 	/System/Library/PrivateFrameworks/ProtectedCloudStorage.framework/Versions/A/ProtectedCloudStorage
0x0000000000faa000 	/System/Library/PrivateFrameworks/GeoServices.framework/Versions/A/GeoServices
0x0000000122dad000 	/System/Library/Frameworks/CoreGraphics.framework/Versions/A/Resources/libCGCMS.A.dylib
0x0000000124e93000 	/System/Library/Frameworks/CoreGraphics.framework/Versions/A/Resources/libRIP.A.dylib
0x00000001251cb000 	/System/Library/Frameworks/CoreGraphics.framework/Versions/A/Resources/libCGXType.A.dylib
0x0000000000faa000 	/System/Library/Frameworks/OpenCL.framework/Versions/A/Libraries/libcldcpuengine.dylib
0x0000000000faa000 	/System/Library/PrivateFrameworks/DiskImages.framework/Versions/A/DiskImages
0x0000000000faa000 	/System/Library/Frameworks/DiscRecording.framework/Versions/A/DiscRecording
0x0000000000faa000 	/usr/lib/libcsfde.dylib
0x0000000000faa000 	/usr/lib/libcurl.4.dylib
0x0000000000faa000 	/System/Library/PrivateFrameworks/MediaKit.framework/Versions/A/MediaKit
0x0000000000faa000 	/usr/lib/libCoreStorage.dylib
0x0000000000faa000 	/System/Library/PrivateFrameworks/EFILogin.framework/Versions/A/EFILogin
0x0000000000faa000 	/usr/lib/libutil.dylib
0x0000000000faa000 	/System/Library/PrivateFrameworks/FindMyDevice.framework/Versions/A/FindMyDevice
0x0000000000faa000 	/System/Library/Frameworks/LDAP.framework/Versions/A/LDAP
0x0000000000faa000 	/usr/lib/libsasl2.2.dylib
0x0000000000faa000 	/System/Library/PrivateFrameworks/CoreDaemon.framework/Versions/B/CoreDaemon
0x0000000000faa000 	/usr/lib/libcrypto.0.9.8.dylib
0x0000000000faa000 	/System/Library/PrivateFrameworks/AppleSRP.framework/Versions/A/AppleSRP
0x0000000000faa000 	/System/Library/PrivateFrameworks/TrustEvaluationAgent.framework/Versions/A/TrustEvaluationAgent
0x0000000125c3b000 	cl_kernels
0x0000000125c3d000 	/System/Library/Frameworks/OpenCL.framework/Versions/A/Libraries/ImageFormats/unorm8_bgra.dylib
0x0000000125c2d000 	cl_kernels
0x0000000000faa000 	/System/Library/PrivateFrameworks/FamilyControls.framework/Versions/A/FamilyControls
0x0000000000faa000 	/System/Library/PrivateFrameworks/CommerceKit.framework/Versions/A/Frameworks/CommerceCore.framework/Versions/A/CommerceCore
0x0000000000faa000 	/System/Library/PrivateFrameworks/SystemAdministration.framework/Versions/A/SystemAdministration
0x0000000000faa000 	/System/Library/PrivateFrameworks/AppContainer.framework/Versions/A/AppContainer
0x0000000000faa000 	/System/Library/PrivateFrameworks/SecCodeWrapper.framework/Versions/A/SecCodeWrapper
0x0000000000faa000 	/System/Library/Frameworks/DirectoryService.framework/Versions/A/DirectoryService
0x0000000000faa000 	/System/Library/PrivateFrameworks/LoginUIKit.framework/Versions/A/Frameworks/LoginUICore.framework/Versions/A/LoginUICore
0x0000000000faa000 	/usr/lib/libodfde.dylib
0x0000000126fc4000 	/System/Library/Frameworks/OpenGL.framework/Resources/GLEngine.bundle/GLEngine
0x0000000000faa000 	/System/Library/Frameworks/OpenGL.framework/Versions/A/Libraries/libGLProgrammability.dylib
0x00000001271af000 	/System/Library/Extensions/AppleIntelBDWGraphicsGLDriver.bundle/Contents/MacOS/AppleIntelBDWGraphicsGLDriver
0x0000000000faa000 	/System/Library/PrivateFrameworks/IOAccelerator.framework/Versions/A/IOAccelerator
0x0000000000faa000 	/System/Library/PrivateFrameworks/GPUSupport.framework/Versions/A/Libraries/libGPUSupportMercury.dylib
0x00000001278a5000 	/System/Library/Frameworks/OpenGL.framework/Resources//GLRendererFloat.bundle/GLRendererFloat
0x00000001281db000 	/Library/Java/JavaVirtualMachines/jdk1.8.0_60.jdk/Contents/Home/jre/lib/libfontmanager.dylib
0x0000000128242000 	/Library/Java/JavaVirtualMachines/jdk1.8.0_60.jdk/Contents/Home/jre/lib/libosxui.dylib
0x0000000128e17000 	/Library/Java/JavaVirtualMachines/jdk1.8.0_60.jdk/Contents/Home/jre/lib/libnet.dylib
0x0000000128e2e000 	/Library/Java/JavaVirtualMachines/jdk1.8.0_60.jdk/Contents/Home/jre/lib/libnio.dylib
0x0000000000faa000 	/System/Library/Frameworks/ApplicationServices.framework/Versions/A/Frameworks/ATS.framework/Versions/A/Resources/libTrueTypeScaler.dylib

VM Arguments:
jvm_args: -Dfile.encoding=UTF-8 
java_command: guiBuild.GUIDietaryProfile
java_class_path (initial): /Users/Kawayipk/Documents/workplace/eclipse/OOPProject/bin
Launcher Type: SUN_STANDARD

Environment Variables:
PATH=/usr/bin:/bin:/usr/sbin:/sbin
SHELL=/bin/bash

Signal Handlers:
SIGSEGV: [libjvm.dylib+0x5a6d31], sa_mask[0]=11111111011111110111111111111111, sa_flags=SA_ONSTACK|SA_RESTART|SA_SIGINFO
SIGBUS: [libjvm.dylib+0x5a6d31], sa_mask[0]=11111111011111110111111111111111, sa_flags=SA_RESTART|SA_SIGINFO
SIGFPE: [libjvm.dylib+0x480a4c], sa_mask[0]=11111111011111110111111111111111, sa_flags=SA_RESTART|SA_SIGINFO
SIGPIPE: [libjvm.dylib+0x480a4c], sa_mask[0]=11111111011111110111111111111111, sa_flags=SA_RESTART|SA_SIGINFO
SIGXFSZ: [libjvm.dylib+0x480a4c], sa_mask[0]=11111111011111110111111111111111, sa_flags=SA_RESTART|SA_SIGINFO
SIGILL: [libjvm.dylib+0x480a4c], sa_mask[0]=11111111011111110111111111111111, sa_flags=SA_RESTART|SA_SIGINFO
SIGUSR1: SIG_DFL, sa_mask[0]=00000000000000000000000000000000, sa_flags=none
SIGUSR2: [libjvm.dylib+0x48056a], sa_mask[0]=00100000000000000000000000000000, sa_flags=SA_RESTART|SA_SIGINFO
SIGHUP: [libjvm.dylib+0x47eb41], sa_mask[0]=11111111011111110111111111111111, sa_flags=SA_RESTART|SA_SIGINFO
SIGINT: [libjvm.dylib+0x47eb41], sa_mask[0]=11111111011111110111111111111111, sa_flags=SA_RESTART|SA_SIGINFO
SIGTERM: [libjvm.dylib+0x47eb41], sa_mask[0]=11111111011111110111111111111111, sa_flags=SA_RESTART|SA_SIGINFO
SIGQUIT: [libjvm.dylib+0x47eb41], sa_mask[0]=11111111011111110111111111111111, sa_flags=SA_RESTART|SA_SIGINFO


---------------  S Y S T E M  ---------------

OS:Bsduname:Darwin 14.5.0 Darwin Kernel Version 14.5.0: Thu Apr 21 20:40:54 PDT 2016; root:xnu-2782.50.3~1/RELEASE_X86_64 x86_64
rlimit: STACK 8192k, CORE 0k, NPROC 709, NOFILE 10240, AS infinity
load average:1.61 1.94 2.10

CPU:total 4 (2 cores per cpu, 2 threads per core) family 6 model 61 stepping 4, cmov, cx8, fxsr, mmx, sse, sse2, sse3, ssse3, sse4.1, sse4.2, popcnt, avx, avx2, aes, clmul, erms, 3dnowpref, lzcnt, ht, tsc, tscinvbit, bmi1, bmi2, adx

Memory: 4k page, physical 8388608k(1280832k free)

/proc/meminfo:


vm_info: Java HotSpot(TM) 64-Bit Server VM (25.60-b23) for bsd-amd64 JRE (1.8.0_60-b27), built on Aug  4 2015 10:47:24 by "java_re" with gcc 4.2.1 (Based on Apple Inc. build 5658) (LLVM build 2336.11.00)

time: Sun May 29 17:19:10 2016
elapsed time: 1 seconds (0d 0h 0m 1s)

